app/build 2/intermediates/manifest_merge_blame_file/debug/processDebugMainManifest/manifest-merger-blame-debug-report.txt
1<?xml version="1.0" encoding="utf-8"?>
2<manifest xmlns:android="http://schemas.android.com/apk/res/android"
3    package="com.example.syntaxeventlottery"
4    android:versionCode="1"
5    android:versionName="1.0" >
6
7    <uses-sdk
8        android:minSdkVersion="24"
9        android:targetSdkVersion="34" />
10
11    <!-- Permissions -->
12    <uses-permission android:name="android.permission.READ_EXTERNAL_STORAGE" />
12-->src/main/AndroidManifest.xml:7:5-80
12-->src/main/AndroidManifest.xml:7:22-77
13    <uses-permission android:name="android.permission.WRITE_EXTERNAL_STORAGE" />
13-->src/main/AndroidManifest.xml:8:5-81
13-->src/main/AndroidManifest.xml:8:22-78
14    <uses-permission android:name="android.permission.INTERNET" />
14-->src/main/AndroidManifest.xml:9:5-66
14-->src/main/AndroidManifest.xml:9:22-64
15    <uses-permission android:name="android.permission.ACCESS_NETWORK_STATE" />
15-->src/main/AndroidManifest.xml:10:5-79
15-->src/main/AndroidManifest.xml:10:22-76
16
17    <permission
17-->[androidx.core:core:1.13.0] AndroidManifest.xml:22:5-24:47
18        android:name="com.example.syntaxeventlottery.DYNAMIC_RECEIVER_NOT_EXPORTED_PERMISSION"
18-->[androidx.core:core:1.13.0] AndroidManifest.xml:23:9-81
19        android:protectionLevel="signature" />
19-->[androidx.core:core:1.13.0] AndroidManifest.xml:24:9-44
20
21    <uses-permission android:name="com.example.syntaxeventlottery.DYNAMIC_RECEIVER_NOT_EXPORTED_PERMISSION" />
21-->[androidx.core:core:1.13.0] AndroidManifest.xml:26:5-97
21-->[androidx.core:core:1.13.0] AndroidManifest.xml:26:22-94
22
23    <application
23-->src/main/AndroidManifest.xml:14:5-52:19
24        android:allowBackup="true"
24-->src/main/AndroidManifest.xml:15:9-35
25        android:appComponentFactory="androidx.core.app.CoreComponentFactory"
25-->[androidx.core:core:1.13.0] AndroidManifest.xml:28:18-86
26        android:dataExtractionRules="@xml/data_extraction_rules"
26-->src/main/AndroidManifest.xml:16:9-65
27        android:debuggable="true"
28        android:extractNativeLibs="false"
29        android:fullBackupContent="@xml/backup_rules"
29-->src/main/AndroidManifest.xml:17:9-54
30        android:icon="@mipmap/ic_launcher"
30-->src/main/AndroidManifest.xml:18:9-43
31        android:label="@string/app_name"
31-->src/main/AndroidManifest.xml:19:9-41
32        android:roundIcon="@mipmap/ic_launcher_round"
32-->src/main/AndroidManifest.xml:20:9-54
33        android:supportsRtl="true"
33-->src/main/AndroidManifest.xml:21:9-35
34        android:theme="@style/Theme.SyntaxEventLottery" >
34-->src/main/AndroidManifest.xml:22:9-56
35
36        <!-- MainActivity Declaration -->
37        <activity
37-->src/main/AndroidManifest.xml:26:9-33:20
38            android:name="com.example.syntaxeventlottery.MainActivity"
38-->src/main/AndroidManifest.xml:27:13-41
39            android:exported="true" >
39-->src/main/AndroidManifest.xml:28:13-36
40            <intent-filter>
40-->src/main/AndroidManifest.xml:29:13-32:29
41                <action android:name="android.intent.action.MAIN" />
41-->src/main/AndroidManifest.xml:30:17-69
41-->src/main/AndroidManifest.xml:30:25-66
42
43                <category android:name="android.intent.category.LAUNCHER" />
43-->src/main/AndroidManifest.xml:31:17-77
43-->src/main/AndroidManifest.xml:31:27-74
44            </intent-filter>
45        </activity>
46
47        <!-- Existing Activity Declarations -->
48        <activity
48-->src/main/AndroidManifest.xml:36:9-78
49            android:name="com.example.syntaxeventlottery.UserHomeActivity"
49-->src/main/AndroidManifest.xml:36:19-51
50            android:exported="true" />
50-->src/main/AndroidManifest.xml:36:52-75
51        <activity
51-->src/main/AndroidManifest.xml:37:9-79
52            android:name="com.example.syntaxeventlottery.OrganizerActivity"
52-->src/main/AndroidManifest.xml:37:19-52
53            android:exported="true" />
53-->src/main/AndroidManifest.xml:37:53-76
54        <activity
54-->src/main/AndroidManifest.xml:38:9-82
55            android:name="com.example.syntaxeventlottery.OrganizerCreateEvent"
55-->src/main/AndroidManifest.xml:38:19-55
56            android:exported="true" />
56-->src/main/AndroidManifest.xml:38:56-79
57        <activity
57-->src/main/AndroidManifest.xml:39:9-81
58            android:name="com.example.syntaxeventlottery.EventDetailActivity"
58-->src/main/AndroidManifest.xml:39:19-54
59            android:exported="true" />
59-->src/main/AndroidManifest.xml:39:55-78
60        <activity
60-->src/main/AndroidManifest.xml:40:9-81
61            android:name="com.example.syntaxeventlottery.UserProfileActivity"
61-->src/main/AndroidManifest.xml:40:19-54
62            android:exported="true" />
62-->src/main/AndroidManifest.xml:40:55-78
63        <activity
63-->src/main/AndroidManifest.xml:41:9-85
64            android:name="com.example.syntaxeventlottery.EditUserProfileActivity"
64-->src/main/AndroidManifest.xml:41:19-58
65            android:exported="true" />
65-->src/main/AndroidManifest.xml:41:59-82
66        <activity android:name="com.example.syntaxeventlottery.EditEventActivity" />
66-->src/main/AndroidManifest.xml:42:9-55
66-->src/main/AndroidManifest.xml:42:19-52
67        <activity android:name="com.example.syntaxeventlottery.NotificationCenterActivity" />
67-->src/main/AndroidManifest.xml:43:9-73
67-->src/main/AndroidManifest.xml:43:19-61
68
69        <!-- New Activity Declaration: UserProfileActivity -->
70        <activity
70-->src/main/AndroidManifest.xml:46:9-49:44
71            android:name="com.example.syntaxeventlottery.CreateUserProfileActivity"
71-->src/main/AndroidManifest.xml:47:13-54
72            android:exported="true"
72-->src/main/AndroidManifest.xml:48:13-36
73            android:label="User Profile" />
73-->src/main/AndroidManifest.xml:49:13-41
74
75        <service
75-->[com.google.firebase:firebase-storage:20.3.0] AndroidManifest.xml:27:9-36:19
76            android:name="com.google.firebase.components.ComponentDiscoveryService"
76-->[com.google.firebase:firebase-storage:20.3.0] AndroidManifest.xml:28:13-84
77            android:directBootAware="true"
77-->[com.google.firebase:firebase-common:20.4.2] AndroidManifest.xml:32:13-43
78            android:exported="false" >
78-->[com.google.firebase:firebase-storage:20.3.0] AndroidManifest.xml:29:13-37
79            <meta-data
79-->[com.google.firebase:firebase-storage:20.3.0] AndroidManifest.xml:30:13-32:85
80                android:name="com.google.firebase.components:com.google.firebase.storage.FirebaseStorageKtxRegistrar"
80-->[com.google.firebase:firebase-storage:20.3.0] AndroidManifest.xml:31:17-118
81                android:value="com.google.firebase.components.ComponentRegistrar" />
81-->[com.google.firebase:firebase-storage:20.3.0] AndroidManifest.xml:32:17-82
82            <meta-data
82-->[com.google.firebase:firebase-storage:20.3.0] AndroidManifest.xml:33:13-35:85
83                android:name="com.google.firebase.components:com.google.firebase.storage.StorageRegistrar"
83-->[com.google.firebase:firebase-storage:20.3.0] AndroidManifest.xml:34:17-107
84                android:value="com.google.firebase.components.ComponentRegistrar" />
84-->[com.google.firebase:firebase-storage:20.3.0] AndroidManifest.xml:35:17-82
85            <meta-data
85-->[com.google.firebase:firebase-firestore:24.10.1] AndroidManifest.xml:17:13-19:85
86                android:name="com.google.firebase.components:com.google.firebase.firestore.FirebaseFirestoreKtxRegistrar"
86-->[com.google.firebase:firebase-firestore:24.10.1] AndroidManifest.xml:18:17-122
87                android:value="com.google.firebase.components.ComponentRegistrar" />
87-->[com.google.firebase:firebase-firestore:24.10.1] AndroidManifest.xml:19:17-82
88            <meta-data
88-->[com.google.firebase:firebase-firestore:24.10.1] AndroidManifest.xml:20:13-22:85
89                android:name="com.google.firebase.components:com.google.firebase.firestore.FirestoreRegistrar"
89-->[com.google.firebase:firebase-firestore:24.10.1] AndroidManifest.xml:21:17-111
90                android:value="com.google.firebase.components.ComponentRegistrar" />
90-->[com.google.firebase:firebase-firestore:24.10.1] AndroidManifest.xml:22:17-82
91            <meta-data
91-->[com.google.firebase:firebase-appcheck:17.1.1] AndroidManifest.xml:25:13-27:85
92                android:name="com.google.firebase.components:com.google.firebase.appcheck.FirebaseAppCheckKtxRegistrar"
92-->[com.google.firebase:firebase-appcheck:17.1.1] AndroidManifest.xml:26:17-120
93                android:value="com.google.firebase.components.ComponentRegistrar" />
93-->[com.google.firebase:firebase-appcheck:17.1.1] AndroidManifest.xml:27:17-82
94            <meta-data
94-->[com.google.firebase:firebase-appcheck:17.1.1] AndroidManifest.xml:28:13-30:85
95                android:name="com.google.firebase.components:com.google.firebase.appcheck.FirebaseAppCheckRegistrar"
95-->[com.google.firebase:firebase-appcheck:17.1.1] AndroidManifest.xml:29:17-117
96                android:value="com.google.firebase.components.ComponentRegistrar" />
96-->[com.google.firebase:firebase-appcheck:17.1.1] AndroidManifest.xml:30:17-82
97            <meta-data
97-->[com.google.firebase:firebase-common-ktx:20.4.2] AndroidManifest.xml:12:13-14:85
98                android:name="com.google.firebase.components:com.google.firebase.ktx.FirebaseCommonLegacyRegistrar"
98-->[com.google.firebase:firebase-common-ktx:20.4.2] AndroidManifest.xml:13:17-116
99                android:value="com.google.firebase.components.ComponentRegistrar" />
99-->[com.google.firebase:firebase-common-ktx:20.4.2] AndroidManifest.xml:14:17-82
100            <meta-data
100-->[com.google.firebase:firebase-common:20.4.2] AndroidManifest.xml:35:13-37:85
101                android:name="com.google.firebase.components:com.google.firebase.FirebaseCommonKtxRegistrar"
101-->[com.google.firebase:firebase-common:20.4.2] AndroidManifest.xml:36:17-109
102                android:value="com.google.firebase.components.ComponentRegistrar" />
102-->[com.google.firebase:firebase-common:20.4.2] AndroidManifest.xml:37:17-82
103        </service>
104
105        <provider
105-->[com.google.firebase:firebase-common:20.4.2] AndroidManifest.xml:23:9-28:39
106            android:name="com.google.firebase.provider.FirebaseInitProvider"
106-->[com.google.firebase:firebase-common:20.4.2] AndroidManifest.xml:24:13-77
107            android:authorities="com.example.syntaxeventlottery.firebaseinitprovider"
107-->[com.google.firebase:firebase-common:20.4.2] AndroidManifest.xml:25:13-72
108            android:directBootAware="true"
108-->[com.google.firebase:firebase-common:20.4.2] AndroidManifest.xml:26:13-43
109            android:exported="false"
109-->[com.google.firebase:firebase-common:20.4.2] AndroidManifest.xml:27:13-37
110            android:initOrder="100" />
110-->[com.google.firebase:firebase-common:20.4.2] AndroidManifest.xml:28:13-36
111
112        <activity
112-->[com.google.android.gms:play-services-base:18.5.0] AndroidManifest.xml:5:9-173
113            android:name="com.google.android.gms.common.api.GoogleApiActivity"
113-->[com.google.android.gms:play-services-base:18.5.0] AndroidManifest.xml:5:19-85
114            android:exported="false"
114-->[com.google.android.gms:play-services-base:18.5.0] AndroidManifest.xml:5:146-170
115            android:theme="@android:style/Theme.Translucent.NoTitleBar" />
115-->[com.google.android.gms:play-services-base:18.5.0] AndroidManifest.xml:5:86-145
116
117        <provider
117-->[androidx.emoji2:emoji2:1.3.0] AndroidManifest.xml:24:9-32:20
118            android:name="androidx.startup.InitializationProvider"
118-->[androidx.emoji2:emoji2:1.3.0] AndroidManifest.xml:25:13-67
119            android:authorities="com.example.syntaxeventlottery.androidx-startup"
119-->[androidx.emoji2:emoji2:1.3.0] AndroidManifest.xml:26:13-68
120            android:exported="false" >
120-->[androidx.emoji2:emoji2:1.3.0] AndroidManifest.xml:27:13-37
121            <meta-data
121-->[androidx.emoji2:emoji2:1.3.0] AndroidManifest.xml:29:13-31:52
122                android:name="androidx.emoji2.text.EmojiCompatInitializer"
122-->[androidx.emoji2:emoji2:1.3.0] AndroidManifest.xml:30:17-75
123                android:value="androidx.startup" />
123-->[androidx.emoji2:emoji2:1.3.0] AndroidManifest.xml:31:17-49
124            <meta-data
124-->[androidx.lifecycle:lifecycle-process:2.6.2] AndroidManifest.xml:29:13-31:52
125                android:name="androidx.lifecycle.ProcessLifecycleInitializer"
125-->[androidx.lifecycle:lifecycle-process:2.6.2] AndroidManifest.xml:30:17-78
126                android:value="androidx.startup" />
126-->[androidx.lifecycle:lifecycle-process:2.6.2] AndroidManifest.xml:31:17-49
127            <meta-data
127-->[androidx.profileinstaller:profileinstaller:1.3.1] AndroidManifest.xml:29:13-31:52
128                android:name="androidx.profileinstaller.ProfileInstallerInitializer"
128-->[androidx.profileinstaller:profileinstaller:1.3.1] AndroidManifest.xml:30:17-85
129                android:value="androidx.startup" />
129-->[androidx.profileinstaller:profileinstaller:1.3.1] AndroidManifest.xml:31:17-49
130        </provider>
131
132        <meta-data
132-->[com.google.android.gms:play-services-basement:18.4.0] AndroidManifest.xml:6:9-122
133            android:name="com.google.android.gms.version"
133-->[com.google.android.gms:play-services-basement:18.4.0] AndroidManifest.xml:6:20-65
134            android:value="@integer/google_play_services_version" />
134-->[com.google.android.gms:play-services-basement:18.4.0] AndroidManifest.xml:6:66-119
135
136        <receiver
136-->[androidx.profileinstaller:profileinstaller:1.3.1] AndroidManifest.xml:34:9-52:20
137            android:name="androidx.profileinstaller.ProfileInstallReceiver"
137-->[androidx.profileinstaller:profileinstaller:1.3.1] AndroidManifest.xml:35:13-76
138            android:directBootAware="false"
138-->[androidx.profileinstaller:profileinstaller:1.3.1] AndroidManifest.xml:36:13-44
139            android:enabled="true"
139-->[androidx.profileinstaller:profileinstaller:1.3.1] AndroidManifest.xml:37:13-35
140            android:exported="true"
140-->[androidx.profileinstaller:profileinstaller:1.3.1] AndroidManifest.xml:38:13-36
141            android:permission="android.permission.DUMP" >
141-->[androidx.profileinstaller:profileinstaller:1.3.1] AndroidManifest.xml:39:13-57
142            <intent-filter>
142-->[androidx.profileinstaller:profileinstaller:1.3.1] AndroidManifest.xml:40:13-42:29
143                <action android:name="androidx.profileinstaller.action.INSTALL_PROFILE" />
143-->[androidx.profileinstaller:profileinstaller:1.3.1] AndroidManifest.xml:41:17-91
143-->[androidx.profileinstaller:profileinstaller:1.3.1] AndroidManifest.xml:41:25-88
144            </intent-filter>
145            <intent-filter>
145-->[androidx.profileinstaller:profileinstaller:1.3.1] AndroidManifest.xml:43:13-45:29
146                <action android:name="androidx.profileinstaller.action.SKIP_FILE" />
146-->[androidx.profileinstaller:profileinstaller:1.3.1] AndroidManifest.xml:44:17-85
146-->[androidx.profileinstaller:profileinstaller:1.3.1] AndroidManifest.xml:44:25-82
147            </intent-filter>
148            <intent-filter>
148-->[androidx.profileinstaller:profileinstaller:1.3.1] AndroidManifest.xml:46:13-48:29
149                <action android:name="androidx.profileinstaller.action.SAVE_PROFILE" />
149-->[androidx.profileinstaller:profileinstaller:1.3.1] AndroidManifest.xml:47:17-88
149-->[androidx.profileinstaller:profileinstaller:1.3.1] AndroidManifest.xml:47:25-85
150            </intent-filter>
151            <intent-filter>
151-->[androidx.profileinstaller:profileinstaller:1.3.1] AndroidManifest.xml:49:13-51:29
152                <action android:name="androidx.profileinstaller.action.BENCHMARK_OPERATION" />
152-->[androidx.profileinstaller:profileinstaller:1.3.1] AndroidManifest.xml:50:17-95
152-->[androidx.profileinstaller:profileinstaller:1.3.1] AndroidManifest.xml:50:25-92
153            </intent-filter>
154        </receiver>
155    </application>
156
157</manifest>